# JRE version: OpenJDK Runtime Environment Temurin-21.0.10+7 (21.0.10+7) (build 21.0.10+7-LTS)
# Java VM: OpenJDK 64-Bit Server VM Temurin-21.0.10+7 (21.0.10+7-LTS, mixed mode, sharing, tiered, compressed oops, compressed class ptrs, parallel gc, windows-amd64)
GC Precious Log:
 CardTable entry size: 512
 CPUs: 16 total, 16 available
 Memory: 16088M
 Large Page Support: Disabled
 NUMA Support: Disabled
 Compressed Oops: Enabled (32-bit)
 Alignments: Space 512K, Generation 512K, Heap 2M
 Heap Min Capacity: 100M
 Heap Initial Capacity: 100M
 Heap Max Capacity: 2G
 Pre-touch: Disabled
 Parallel Workers: 13
Heap:
 PSYoungGen      total 20992K, used 12702K [0x00000000d5580000, 0x00000000d6e80000, 0x0000000100000000)
  eden space 19456K, 57% used [0x00000000d5580000,0x00000000d6067d70,0x00000000d6880000)
  from space 1536K, 99% used [0x00000000d6b80000,0x00000000d6cffb60,0x00000000d6d00000)
  to   space 3072K, 0% used [0x00000000d6880000,0x00000000d6880000,0x00000000d6b80000)
 ParOldGen       total 206848K, used 206552K [0x0000000080000000, 0x000000008ca00000, 0x00000000d5580000)
  object space 206848K, 99% used [0x0000000080000000,0x000000008c9b61c0,0x000000008ca00000)
 Metaspace       used 76255K, committed 78016K, reserved 1179648K
  class space    used 8159K, committed 8896K, reserved 1048576K
GC Heap History (20 events):
Event: 29.450 GC heap before
{Heap before GC invocations=194 (full 3):
 PSYoungGen      total 21504K, used 20963K [0x00000000d5580000, 0x00000000d6c80000, 0x0000000100000000)
  eden space 19456K, 100% used [0x00000000d5580000,0x00000000d6880000,0x00000000d6880000)
  from space 2048K, 73% used [0x00000000d6a80000,0x00000000d6bf8e70,0x00000000d6c80000)
  to   space 2048K, 0% used [0x00000000d6880000,0x00000000d6880000,0x00000000d6a80000)
 ParOldGen       total 195584K, used 195554K [0x0000000080000000, 0x000000008bf00000, 0x00000000d5580000)
  object space 195584K, 99% used [0x0000000080000000,0x000000008bef8950,0x000000008bf00000)
 Metaspace       used 68653K, committed 70208K, reserved 1114112K
  class space    used 7366K, committed 8000K, reserved 1048576K
}
Event: 29.453 GC heap after
{Heap after GC invocations=194 (full 3):
 PSYoungGen      total 21504K, used 2016K [0x00000000d5580000, 0x00000000d6d80000, 0x0000000100000000)
  eden space 19456K, 0% used [0x00000000d5580000,0x00000000d5580000,0x00000000d6880000)
  from space 2048K, 98% used [0x00000000d6880000,0x00000000d6a78010,0x00000000d6a80000)
  to   space 2560K, 0% used [0x00000000d6b00000,0x00000000d6b00000,0x00000000d6d80000)
 ParOldGen       total 197120K, used 196705K [0x0000000080000000, 0x000000008c080000, 0x00000000d5580000)
  object space 197120K, 99% used [0x0000000080000000,0x000000008c0187d8,0x000000008c080000)
 Metaspace       used 68653K, committed 70208K, reserved 1114112K
  class space    used 7366K, committed 8000K, reserved 1048576K
}
Event: 29.571 GC heap before
{Heap before GC invocations=195 (full 3):
 PSYoungGen      total 21504K, used 21472K [0x00000000d5580000, 0x00000000d6d80000, 0x0000000100000000)
  eden space 19456K, 100% used [0x00000000d5580000,0x00000000d6880000,0x00000000d6880000)
  from space 2048K, 98% used [0x00000000d6880000,0x00000000d6a78010,0x00000000d6a80000)
  to   space 2560K, 0% used [0x00000000d6b00000,0x00000000d6b00000,0x00000000d6d80000)
 ParOldGen       total 197120K, used 196705K [0x0000000080000000, 0x000000008c080000, 0x00000000d5580000)
  object space 197120K, 99% used [0x0000000080000000,0x000000008c0187d8,0x000000008c080000)
 Metaspace       used 69578K, committed 71104K, reserved 1114112K
  class space    used 7473K, committed 8128K, reserved 1048576K
}
Event: 29.573 GC heap after
{Heap after GC invocations=195 (full 3):
 PSYoungGen      total 22016K, used 2337K [0x00000000d5580000, 0x00000000d6d80000, 0x0000000100000000)
  eden space 19456K, 0% used [0x00000000d5580000,0x00000000d5580000,0x00000000d6880000)
  from space 2560K, 91% used [0x00000000d6b00000,0x00000000d6d48438,0x00000000d6d80000)
  to   space 2560K, 0% used [0x00000000d6880000,0x00000000d6880000,0x00000000d6b00000)
 ParOldGen       total 198656K, used 198408K [0x0000000080000000, 0x000000008c200000, 0x00000000d5580000)
  object space 198656K, 99% used [0x0000000080000000,0x000000008c1c21e8,0x000000008c200000)
 Metaspace       used 69578K, committed 71104K, reserved 1114112K
  class space    used 7473K, committed 8128K, reserved 1048576K
}
Event: 29.726 GC heap before
{Heap before GC invocations=196 (full 3):
 PSYoungGen      total 22016K, used 21793K [0x00000000d5580000, 0x00000000d6d80000, 0x0000000100000000)
  eden space 19456K, 100% used [0x00000000d5580000,0x00000000d6880000,0x00000000d6880000)
  from space 2560K, 91% used [0x00000000d6b00000,0x00000000d6d48438,0x00000000d6d80000)
  to   space 2560K, 0% used [0x00000000d6880000,0x00000000d6880000,0x00000000d6b00000)
 ParOldGen       total 198656K, used 198408K [0x0000000080000000, 0x000000008c200000, 0x00000000d5580000)
  object space 198656K, 99% used [0x0000000080000000,0x000000008c1c21e8,0x000000008c200000)
 Metaspace       used 71045K, committed 72576K, reserved 1114112K
  class space    used 7595K, committed 8256K, reserved 1048576K
}
Event: 29.729 GC heap after
{Heap after GC invocations=196 (full 3):
 PSYoungGen      total 22016K, used 2538K [0x00000000d5580000, 0x00000000d7280000, 0x0000000100000000)
  eden space 19456K, 0% used [0x00000000d5580000,0x00000000d5580000,0x00000000d6880000)
  from space 2560K, 99% used [0x00000000d6880000,0x00000000d6afa910,0x00000000d6b00000)
  to   space 5120K, 0% used [0x00000000d6d80000,0x00000000d6d80000,0x00000000d7280000)
 ParOldGen       total 200704K, used 200465K [0x0000000080000000, 0x000000008c400000, 0x00000000d5580000)
  object space 200704K, 99% used [0x0000000080000000,0x000000008c3c4740,0x000000008c400000)
 Metaspace       used 71045K, committed 72576K, reserved 1114112K
  class space    used 7595K, committed 8256K, reserved 1048576K
}
Event: 29.879 GC heap before
{Heap before GC invocations=197 (full 3):
 PSYoungGen      total 22016K, used 21994K [0x00000000d5580000, 0x00000000d7280000, 0x0000000100000000)
  eden space 19456K, 100% used [0x00000000d5580000,0x00000000d6880000,0x00000000d6880000)
  from space 2560K, 99% used [0x00000000d6880000,0x00000000d6afa910,0x00000000d6b00000)
  to   space 5120K, 0% used [0x00000000d6d80000,0x00000000d6d80000,0x00000000d7280000)
 ParOldGen       total 200704K, used 200465K [0x0000000080000000, 0x000000008c400000, 0x00000000d5580000)
  object space 200704K, 99% used [0x0000000080000000,0x000000008c3c4740,0x000000008c400000)
 Metaspace       used 71774K, committed 73344K, reserved 1114112K
  class space    used 7670K, committed 8320K, reserved 1048576K
}
Event: 29.881 GC heap after
{Heap after GC invocations=197 (full 3):
 PSYoungGen      total 20480K, used 576K [0x00000000d5580000, 0x00000000d6e80000, 0x0000000100000000)
  eden space 19456K, 0% used [0x00000000d5580000,0x00000000d5580000,0x00000000d6880000)
  from space 1024K, 56% used [0x00000000d6d80000,0x00000000d6e10000,0x00000000d6e80000)
  to   space 2048K, 0% used [0x00000000d6a80000,0x00000000d6a80000,0x00000000d6c80000)
 ParOldGen       total 202752K, used 202415K [0x0000000080000000, 0x000000008c600000, 0x00000000d5580000)
  object space 202752K, 99% used [0x0000000080000000,0x000000008c5abe78,0x000000008c600000)
 Metaspace       used 71774K, committed 73344K, reserved 1114112K
  class space    used 7670K, committed 8320K, reserved 1048576K
}
Event: 32.248 GC heap before
{Heap before GC invocations=198 (full 3):
 PSYoungGen      total 20480K, used 19789K [0x00000000d5580000, 0x00000000d6e80000, 0x0000000100000000)
  eden space 19456K, 98% used [0x00000000d5580000,0x00000000d6843678,0x00000000d6880000)
  from space 1024K, 56% used [0x00000000d6d80000,0x00000000d6e10000,0x00000000d6e80000)
  to   space 2048K, 0% used [0x00000000d6a80000,0x00000000d6a80000,0x00000000d6c80000)
 ParOldGen       total 202752K, used 202415K [0x0000000080000000, 0x000000008c600000, 0x00000000d5580000)
  object space 202752K, 99% used [0x0000000080000000,0x000000008c5abe78,0x000000008c600000)
 Metaspace       used 72418K, committed 74048K, reserved 1179648K
  class space    used 7745K, committed 8448K, reserved 1048576K
}
Event: 32.249 GC heap after
{Heap after GC invocations=198 (full 3):
 PSYoungGen      total 21504K, used 1184K [0x00000000d5580000, 0x00000000d6e00000, 0x0000000100000000)
  eden space 19456K, 0% used [0x00000000d5580000,0x00000000d5580000,0x00000000d6880000)
  from space 2048K, 57% used [0x00000000d6a80000,0x00000000d6ba83e0,0x00000000d6c80000)
  to   space 1536K, 0% used [0x00000000d6c80000,0x00000000d6c80000,0x00000000d6e00000)
 ParOldGen       total 203264K, used 202783K [0x0000000080000000, 0x000000008c680000, 0x00000000d5580000)
  object space 203264K, 99% used [0x0000000080000000,0x000000008c607e78,0x000000008c680000)
 Metaspace       used 72418K, committed 74048K, reserved 1179648K
  class space    used 7745K, committed 8448K, reserved 1048576K
}
Event: 32.439 GC heap before
{Heap before GC invocations=199 (full 3):
 PSYoungGen      total 21504K, used 20640K [0x00000000d5580000, 0x00000000d6e00000, 0x0000000100000000)
  eden space 19456K, 100% used [0x00000000d5580000,0x00000000d6880000,0x00000000d6880000)
  from space 2048K, 57% used [0x00000000d6a80000,0x00000000d6ba83e0,0x00000000d6c80000)
  to   space 1536K, 0% used [0x00000000d6c80000,0x00000000d6c80000,0x00000000d6e00000)
 ParOldGen       total 203264K, used 202783K [0x0000000080000000, 0x000000008c680000, 0x00000000d5580000)
  object space 203264K, 99% used [0x0000000080000000,0x000000008c607e78,0x000000008c680000)
 Metaspace       used 73019K, committed 74560K, reserved 1179648K
  class space    used 7797K, committed 8448K, reserved 1048576K
}
Event: 32.440 GC heap after
{Heap after GC invocations=199 (full 3):
 PSYoungGen      total 20480K, used 702K [0x00000000d5580000, 0x00000000d6d80000, 0x0000000100000000)
  eden space 19456K, 0% used [0x00000000d5580000,0x00000000d5580000,0x00000000d6880000)
  from space 1024K, 68% used [0x00000000d6c80000,0x00000000d6d2fa10,0x00000000d6d80000)
  to   space 1024K, 0% used [0x00000000d6b80000,0x00000000d6b80000,0x00000000d6c80000)
 ParOldGen       total 203264K, used 203159K [0x0000000080000000, 0x000000008c680000, 0x00000000d5580000)
  object space 203264K, 99% used [0x0000000080000000,0x000000008c665e78,0x000000008c680000)
 Metaspace       used 73019K, committed 74560K, reserved 1179648K
  class space    used 7797K, committed 8448K, reserved 1048576K
}
Event: 36.242 GC heap before
{Heap before GC invocations=200 (full 3):
 PSYoungGen      total 20480K, used 20158K [0x00000000d5580000, 0x00000000d6d80000, 0x0000000100000000)
  eden space 19456K, 100% used [0x00000000d5580000,0x00000000d6880000,0x00000000d6880000)
  from space 1024K, 68% used [0x00000000d6c80000,0x00000000d6d2fa10,0x00000000d6d80000)
  to   space 1024K, 0% used [0x00000000d6b80000,0x00000000d6b80000,0x00000000d6c80000)
 ParOldGen       total 203264K, used 203159K [0x0000000080000000, 0x000000008c680000, 0x00000000d5580000)
  object space 203264K, 99% used [0x0000000080000000,0x000000008c665e78,0x000000008c680000)
 Metaspace       used 75732K, committed 77440K, reserved 1179648K
  class space    used 8145K, committed 8896K, reserved 1048576K
}
Event: 36.244 GC heap after
{Heap after GC invocations=200 (full 3):
 PSYoungGen      total 20480K, used 1005K [0x00000000d5580000, 0x00000000d6d00000, 0x0000000100000000)
  eden space 19456K, 0% used [0x00000000d5580000,0x00000000d5580000,0x00000000d6880000)
  from space 1024K, 98% used [0x00000000d6b80000,0x00000000d6c7b7d8,0x00000000d6c80000)
  to   space 512K, 0% used [0x00000000d6c80000,0x00000000d6c80000,0x00000000d6d00000)
 ParOldGen       total 203776K, used 203690K [0x0000000080000000, 0x000000008c700000, 0x00000000d5580000)
  object space 203776K, 99% used [0x0000000080000000,0x000000008c6ea8a8,0x000000008c700000)
 Metaspace       used 75732K, committed 77440K, reserved 1179648K
  class space    used 8145K, committed 8896K, reserved 1048576K
}
Event: 37.275 GC heap before
{Heap before GC invocations=201 (full 3):
 PSYoungGen      total 20480K, used 20461K [0x00000000d5580000, 0x00000000d6d00000, 0x0000000100000000)
  eden space 19456K, 99% used [0x00000000d5580000,0x00000000d687ffd0,0x00000000d6880000)
  from space 1024K, 98% used [0x00000000d6b80000,0x00000000d6c7b7d8,0x00000000d6c80000)
  to   space 512K, 0% used [0x00000000d6c80000,0x00000000d6c80000,0x00000000d6d00000)
 ParOldGen       total 203776K, used 203690K [0x0000000080000000, 0x000000008c700000, 0x00000000d5580000)
  object space 203776K, 99% used [0x0000000080000000,0x000000008c6ea8a8,0x000000008c700000)
 Metaspace       used 75846K, committed 77568K, reserved 1179648K
  class space    used 8151K, committed 8896K, reserved 1048576K
}
Event: 37.277 GC heap after
{Heap after GC invocations=201 (full 3):
 PSYoungGen      total 19968K, used 500K [0x00000000d5580000, 0x00000000d6d80000, 0x0000000100000000)
  eden space 19456K, 0% used [0x00000000d5580000,0x00000000d5580000,0x00000000d6880000)
  from space 512K, 97% used [0x00000000d6c80000,0x00000000d6cfd200,0x00000000d6d00000)
  to   space 2560K, 0% used [0x00000000d6880000,0x00000000d6880000,0x00000000d6b00000)
 ParOldGen       total 205312K, used 205311K [0x0000000080000000, 0x000000008c880000, 0x00000000d5580000)
  object space 205312K, 99% used [0x0000000080000000,0x000000008c87fd80,0x000000008c880000)
 Metaspace       used 75846K, committed 77568K, reserved 1179648K
  class space    used 8151K, committed 8896K, reserved 1048576K
}
Event: 72133.286 GC heap before
{Heap before GC invocations=202 (full 3):
 PSYoungGen      total 19968K, used 19930K [0x00000000d5580000, 0x00000000d6d80000, 0x0000000100000000)
  eden space 19456K, 99% used [0x00000000d5580000,0x00000000d6879838,0x00000000d6880000)
  from space 512K, 97% used [0x00000000d6c80000,0x00000000d6cfd200,0x00000000d6d00000)
  to   space 2560K, 0% used [0x00000000d6880000,0x00000000d6880000,0x00000000d6b00000)
 ParOldGen       total 205312K, used 205311K [0x0000000080000000, 0x000000008c880000, 0x00000000d5580000)
  object space 205312K, 99% used [0x0000000080000000,0x000000008c87fd80,0x000000008c880000)
 Metaspace       used 76111K, committed 77888K, reserved 1179648K
  class space    used 8159K, committed 8896K, reserved 1048576K
}
Event: 72133.369 GC heap after
{Heap after GC invocations=202 (full 3):
 PSYoungGen      total 22016K, used 496K [0x00000000d5580000, 0x00000000d6d00000, 0x0000000100000000)
  eden space 19456K, 0% used [0x00000000d5580000,0x00000000d5580000,0x00000000d6880000)
  from space 2560K, 19% used [0x00000000d6880000,0x00000000d68fc020,0x00000000d6b00000)
  to   space 1536K, 0% used [0x00000000d6b80000,0x00000000d6b80000,0x00000000d6d00000)
 ParOldGen       total 206336K, used 205835K [0x0000000080000000, 0x000000008c980000, 0x00000000d5580000)
  object space 206336K, 99% used [0x0000000080000000,0x000000008c902f80,0x000000008c980000)
 Metaspace       used 76111K, committed 77888K, reserved 1179648K
  class space    used 8159K, committed 8896K, reserved 1048576K
}
Event: 86672.765 GC heap before
{Heap before GC invocations=203 (full 3):
 PSYoungGen      total 22016K, used 19952K [0x00000000d5580000, 0x00000000d6d00000, 0x0000000100000000)
  eden space 19456K, 100% used [0x00000000d5580000,0x00000000d6880000,0x00000000d6880000)
  from space 2560K, 19% used [0x00000000d6880000,0x00000000d68fc020,0x00000000d6b00000)
  to   space 1536K, 0% used [0x00000000d6b80000,0x00000000d6b80000,0x00000000d6d00000)
 ParOldGen       total 206336K, used 205835K [0x0000000080000000, 0x000000008c980000, 0x00000000d5580000)
  object space 206336K, 99% used [0x0000000080000000,0x000000008c902f80,0x000000008c980000)
 Metaspace       used 76207K, committed 77952K, reserved 1179648K
  class space    used 8159K, committed 8896K, reserved 1048576K
}
Event: 86673.793 GC heap after
{Heap after GC invocations=203 (full 3):
 PSYoungGen      total 20992K, used 1534K [0x00000000d5580000, 0x00000000d6e80000, 0x0000000100000000)
  eden space 19456K, 0% used [0x00000000d5580000,0x00000000d5580000,0x00000000d6880000)
  from space 1536K, 99% used [0x00000000d6b80000,0x00000000d6cffb60,0x00000000d6d00000)
  to   space 3072K, 0% used [0x00000000d6880000,0x00000000d6880000,0x00000000d6b80000)
 ParOldGen       total 206848K, used 206552K [0x0000000080000000, 0x000000008ca00000, 0x00000000d5580000)
  object space 206848K, 99% used [0x0000000080000000,0x000000008c9b61c0,0x000000008ca00000)
 Metaspace       used 76207K, committed 77952K, reserved 1179648K
  class space    used 8159K, committed 8896K, reserved 1048576K
}

