# JRE version: OpenJDK Runtime Environment Temurin-21.0.10+7 (21.0.10+7) (build 21.0.10+7-LTS)
# Java VM: OpenJDK 64-Bit Server VM Temurin-21.0.10+7 (21.0.10+7-LTS, mixed mode, sharing, tiered, compressed oops, compressed class ptrs, parallel gc, windows-amd64)
GC Precious Log:
 CardTable entry size: 512
 CPUs: 16 total, 16 available
 Memory: 16088M
 Large Page Support: Disabled
 NUMA Support: Disabled
 Compressed Oops: Enabled (32-bit)
 Alignments: Space 512K, Generation 512K, Heap 2M
 Heap Min Capacity: 100M
 Heap Initial Capacity: 100M
 Heap Max Capacity: 2G
 Pre-touch: Disabled
 Parallel Workers: 13
Heap:
 PSYoungGen      total 7680K, used 1493K [0x00000000d5580000, 0x00000000d5e00000, 0x0000000100000000)
  eden space 6656K, 15% used [0x00000000d5580000,0x00000000d5685588,0x00000000d5c00000)
  from space 1024K, 43% used [0x00000000d5c00000,0x00000000d5c70020,0x00000000d5d00000)
  to   space 1024K, 0% used [0x00000000d5d00000,0x00000000d5d00000,0x00000000d5e00000)
 ParOldGen       total 631296K, used 630875K [0x0000000080000000, 0x00000000a6880000, 0x00000000d5580000)
  object space 631296K, 99% used [0x0000000080000000,0x00000000a6816c28,0x00000000a6880000)
 Metaspace       used 89843K, committed 91712K, reserved 1179648K
  class space    used 9411K, committed 10240K, reserved 1048576K
GC Heap History (20 events):
Event: 317.781 GC heap before
{Heap before GC invocations=590 (full 4):
 PSYoungGen      total 7680K, used 7584K [0x00000000d5580000, 0x00000000d5f00000, 0x0000000100000000)
  eden space 7168K, 100% used [0x00000000d5580000,0x00000000d5c80000,0x00000000d5c80000)
  from space 512K, 81% used [0x00000000d5e00000,0x00000000d5e68000,0x00000000d5e80000)
  to   space 512K, 0% used [0x00000000d5e80000,0x00000000d5e80000,0x00000000d5f00000)
 ParOldGen       total 626176K, used 625670K [0x0000000080000000, 0x00000000a6380000, 0x00000000d5580000)
  object space 626176K, 99% used [0x0000000080000000,0x00000000a6301be8,0x00000000a6380000)
 Metaspace       used 89463K, committed 91392K, reserved 1179648K
  class space    used 9382K, committed 10240K, reserved 1048576K
}
Event: 317.782 GC heap after
{Heap after GC invocations=590 (full 4):
 PSYoungGen      total 7680K, used 506K [0x00000000d5580000, 0x00000000d5f00000, 0x0000000100000000)
  eden space 7168K, 0% used [0x00000000d5580000,0x00000000d5580000,0x00000000d5c80000)
  from space 512K, 98% used [0x00000000d5e80000,0x00000000d5efe900,0x00000000d5f00000)
  to   space 1024K, 0% used [0x00000000d5d00000,0x00000000d5d00000,0x00000000d5e00000)
 ParOldGen       total 626176K, used 625854K [0x0000000080000000, 0x00000000a6380000, 0x00000000d5580000)
  object space 626176K, 99% used [0x0000000080000000,0x00000000a632fbe8,0x00000000a6380000)
 Metaspace       used 89463K, committed 91392K, reserved 1179648K
  class space    used 9382K, committed 10240K, reserved 1048576K
}
Event: 317.800 GC heap before
{Heap before GC invocations=591 (full 4):
 PSYoungGen      total 7680K, used 7187K [0x00000000d5580000, 0x00000000d5f00000, 0x0000000100000000)
  eden space 7168K, 93% used [0x00000000d5580000,0x00000000d5c063a8,0x00000000d5c80000)
  from space 512K, 98% used [0x00000000d5e80000,0x00000000d5efe900,0x00000000d5f00000)
  to   space 1024K, 0% used [0x00000000d5d00000,0x00000000d5d00000,0x00000000d5e00000)
 ParOldGen       total 626176K, used 625854K [0x0000000080000000, 0x00000000a6380000, 0x00000000d5580000)
  object space 626176K, 99% used [0x0000000080000000,0x00000000a632fbe8,0x00000000a6380000)
 Metaspace       used 89464K, committed 91392K, reserved 1179648K
  class space    used 9382K, committed 10240K, reserved 1048576K
}
Event: 317.801 GC heap after
{Heap after GC invocations=591 (full 4):
 PSYoungGen      total 8192K, used 346K [0x00000000d5580000, 0x00000000d5f00000, 0x0000000100000000)
  eden space 7168K, 0% used [0x00000000d5580000,0x00000000d5580000,0x00000000d5c80000)
  from space 1024K, 33% used [0x00000000d5d00000,0x00000000d5d56900,0x00000000d5e00000)
  to   space 512K, 0% used [0x00000000d5e80000,0x00000000d5e80000,0x00000000d5f00000)
 ParOldGen       total 626176K, used 625926K [0x0000000080000000, 0x00000000a6380000, 0x00000000d5580000)
  object space 626176K, 99% used [0x0000000080000000,0x00000000a6341be8,0x00000000a6380000)
 Metaspace       used 89464K, committed 91392K, reserved 1179648K
  class space    used 9382K, committed 10240K, reserved 1048576K
}
Event: 317.812 GC heap before
{Heap before GC invocations=592 (full 4):
 PSYoungGen      total 8192K, used 7384K [0x00000000d5580000, 0x00000000d5f00000, 0x0000000100000000)
  eden space 7168K, 98% used [0x00000000d5580000,0x00000000d5c5f7b8,0x00000000d5c80000)
  from space 1024K, 33% used [0x00000000d5d00000,0x00000000d5d56900,0x00000000d5e00000)
  to   space 512K, 0% used [0x00000000d5e80000,0x00000000d5e80000,0x00000000d5f00000)
 ParOldGen       total 626176K, used 625926K [0x0000000080000000, 0x00000000a6380000, 0x00000000d5580000)
  object space 626176K, 99% used [0x0000000080000000,0x00000000a6341be8,0x00000000a6380000)
 Metaspace       used 89465K, committed 91392K, reserved 1179648K
  class space    used 9382K, committed 10240K, reserved 1048576K
}
Event: 317.813 GC heap after
{Heap after GC invocations=592 (full 4):
 PSYoungGen      total 7680K, used 395K [0x00000000d5580000, 0x00000000d5f00000, 0x0000000100000000)
  eden space 7168K, 0% used [0x00000000d5580000,0x00000000d5580000,0x00000000d5c80000)
  from space 512K, 77% used [0x00000000d5e80000,0x00000000d5ee2f30,0x00000000d5f00000)
  to   space 512K, 0% used [0x00000000d5e00000,0x00000000d5e00000,0x00000000d5e80000)
 ParOldGen       total 628224K, used 627752K [0x0000000080000000, 0x00000000a6580000, 0x00000000d5580000)
  object space 628224K, 99% used [0x0000000080000000,0x00000000a650a200,0x00000000a6580000)
 Metaspace       used 89465K, committed 91392K, reserved 1179648K
  class space    used 9382K, committed 10240K, reserved 1048576K
}
Event: 317.819 GC heap before
{Heap before GC invocations=593 (full 4):
 PSYoungGen      total 7680K, used 7563K [0x00000000d5580000, 0x00000000d5f00000, 0x0000000100000000)
  eden space 7168K, 100% used [0x00000000d5580000,0x00000000d5c80000,0x00000000d5c80000)
  from space 512K, 77% used [0x00000000d5e80000,0x00000000d5ee2f30,0x00000000d5f00000)
  to   space 512K, 0% used [0x00000000d5e00000,0x00000000d5e00000,0x00000000d5e80000)
 ParOldGen       total 628224K, used 627752K [0x0000000080000000, 0x00000000a6580000, 0x00000000d5580000)
  object space 628224K, 99% used [0x0000000080000000,0x00000000a650a200,0x00000000a6580000)
 Metaspace       used 89466K, committed 91392K, reserved 1179648K
  class space    used 9382K, committed 10240K, reserved 1048576K
}
Event: 317.820 GC heap after
{Heap after GC invocations=593 (full 4):
 PSYoungGen      total 7680K, used 384K [0x00000000d5580000, 0x00000000d5f00000, 0x0000000100000000)
  eden space 7168K, 0% used [0x00000000d5580000,0x00000000d5580000,0x00000000d5c80000)
  from space 512K, 75% used [0x00000000d5e00000,0x00000000d5e60000,0x00000000d5e80000)
  to   space 512K, 0% used [0x00000000d5e80000,0x00000000d5e80000,0x00000000d5f00000)
 ParOldGen       total 628224K, used 627856K [0x0000000080000000, 0x00000000a6580000, 0x00000000d5580000)
  object space 628224K, 99% used [0x0000000080000000,0x00000000a6524200,0x00000000a6580000)
 Metaspace       used 89466K, committed 91392K, reserved 1179648K
  class space    used 9382K, committed 10240K, reserved 1048576K
}
Event: 317.830 GC heap before
{Heap before GC invocations=594 (full 4):
 PSYoungGen      total 7680K, used 7552K [0x00000000d5580000, 0x00000000d5f00000, 0x0000000100000000)
  eden space 7168K, 100% used [0x00000000d5580000,0x00000000d5c80000,0x00000000d5c80000)
  from space 512K, 75% used [0x00000000d5e00000,0x00000000d5e60000,0x00000000d5e80000)
  to   space 512K, 0% used [0x00000000d5e80000,0x00000000d5e80000,0x00000000d5f00000)
 ParOldGen       total 628224K, used 627856K [0x0000000080000000, 0x00000000a6580000, 0x00000000d5580000)
  object space 628224K, 99% used [0x0000000080000000,0x00000000a6524200,0x00000000a6580000)
 Metaspace       used 89478K, committed 91392K, reserved 1179648K
  class space    used 9382K, committed 10240K, reserved 1048576K
}
Event: 317.831 GC heap after
{Heap after GC invocations=594 (full 4):
 PSYoungGen      total 7680K, used 506K [0x00000000d5580000, 0x00000000d5f80000, 0x0000000100000000)
  eden space 7168K, 0% used [0x00000000d5580000,0x00000000d5580000,0x00000000d5c80000)
  from space 512K, 98% used [0x00000000d5e80000,0x00000000d5efe900,0x00000000d5f00000)
  to   space 1536K, 0% used [0x00000000d5c80000,0x00000000d5c80000,0x00000000d5e00000)
 ParOldGen       total 628736K, used 628344K [0x0000000080000000, 0x00000000a6600000, 0x00000000d5580000)
  object space 628736K, 99% used [0x0000000080000000,0x00000000a659e200,0x00000000a6600000)
 Metaspace       used 89478K, committed 91392K, reserved 1179648K
  class space    used 9382K, committed 10240K, reserved 1048576K
}
Event: 320.734 GC heap before
{Heap before GC invocations=595 (full 4):
 PSYoungGen      total 7680K, used 7674K [0x00000000d5580000, 0x00000000d5f80000, 0x0000000100000000)
  eden space 7168K, 100% used [0x00000000d5580000,0x00000000d5c80000,0x00000000d5c80000)
  from space 512K, 98% used [0x00000000d5e80000,0x00000000d5efe900,0x00000000d5f00000)
  to   space 1536K, 0% used [0x00000000d5c80000,0x00000000d5c80000,0x00000000d5e00000)
 ParOldGen       total 628736K, used 628344K [0x0000000080000000, 0x00000000a6600000, 0x00000000d5580000)
  object space 628736K, 99% used [0x0000000080000000,0x00000000a659e200,0x00000000a6600000)
 Metaspace       used 89479K, committed 91392K, reserved 1179648K
  class space    used 9382K, committed 10240K, reserved 1048576K
}
Event: 320.736 GC heap after
{Heap after GC invocations=595 (full 4):
 PSYoungGen      total 8704K, used 938K [0x00000000d5580000, 0x00000000d5f00000, 0x0000000100000000)
  eden space 7168K, 0% used [0x00000000d5580000,0x00000000d5580000,0x00000000d5c80000)
  from space 1536K, 61% used [0x00000000d5c80000,0x00000000d5d6a910,0x00000000d5e00000)
  to   space 1024K, 0% used [0x00000000d5e00000,0x00000000d5e00000,0x00000000d5f00000)
 ParOldGen       total 629248K, used 628865K [0x0000000080000000, 0x00000000a6680000, 0x00000000d5580000)
  object space 629248K, 99% used [0x0000000080000000,0x00000000a66207c0,0x00000000a6680000)
 Metaspace       used 89479K, committed 91392K, reserved 1179648K
  class space    used 9382K, committed 10240K, reserved 1048576K
}
Event: 320.749 GC heap before
{Heap before GC invocations=596 (full 4):
 PSYoungGen      total 8704K, used 8106K [0x00000000d5580000, 0x00000000d5f00000, 0x0000000100000000)
  eden space 7168K, 100% used [0x00000000d5580000,0x00000000d5c80000,0x00000000d5c80000)
  from space 1536K, 61% used [0x00000000d5c80000,0x00000000d5d6a910,0x00000000d5e00000)
  to   space 1024K, 0% used [0x00000000d5e00000,0x00000000d5e00000,0x00000000d5f00000)
 ParOldGen       total 629248K, used 628865K [0x0000000080000000, 0x00000000a6680000, 0x00000000d5580000)
  object space 629248K, 99% used [0x0000000080000000,0x00000000a66207c0,0x00000000a6680000)
 Metaspace       used 89482K, committed 91392K, reserved 1179648K
  class space    used 9382K, committed 10240K, reserved 1048576K
}
Event: 320.750 GC heap after
{Heap after GC invocations=596 (full 4):
 PSYoungGen      total 7680K, used 1018K [0x00000000d5580000, 0x00000000d6080000, 0x0000000100000000)
  eden space 6656K, 0% used [0x00000000d5580000,0x00000000d5580000,0x00000000d5c00000)
  from space 1024K, 99% used [0x00000000d5e00000,0x00000000d5efe900,0x00000000d5f00000)
  to   space 2048K, 0% used [0x00000000d5c00000,0x00000000d5c00000,0x00000000d5e00000)
 ParOldGen       total 629760K, used 629646K [0x0000000080000000, 0x00000000a6700000, 0x00000000d5580000)
  object space 629760K, 99% used [0x0000000080000000,0x00000000a66e39d0,0x00000000a6700000)
 Metaspace       used 89482K, committed 91392K, reserved 1179648K
  class space    used 9382K, committed 10240K, reserved 1048576K
}
Event: 321.178 GC heap before
{Heap before GC invocations=597 (full 4):
 PSYoungGen      total 7680K, used 7674K [0x00000000d5580000, 0x00000000d6080000, 0x0000000100000000)
  eden space 6656K, 100% used [0x00000000d5580000,0x00000000d5c00000,0x00000000d5c00000)
  from space 1024K, 99% used [0x00000000d5e00000,0x00000000d5efe900,0x00000000d5f00000)
  to   space 2048K, 0% used [0x00000000d5c00000,0x00000000d5c00000,0x00000000d5e00000)
 ParOldGen       total 629760K, used 629646K [0x0000000080000000, 0x00000000a6700000, 0x00000000d5580000)
  object space 629760K, 99% used [0x0000000080000000,0x00000000a66e39d0,0x00000000a6700000)
 Metaspace       used 89505K, committed 91392K, reserved 1179648K
  class space    used 9383K, committed 10240K, reserved 1048576K
}
Event: 321.180 GC heap after
{Heap after GC invocations=597 (full 4):
 PSYoungGen      total 7680K, used 826K [0x00000000d5580000, 0x00000000d5f00000, 0x0000000100000000)
  eden space 6656K, 0% used [0x00000000d5580000,0x00000000d5580000,0x00000000d5c00000)
  from space 1024K, 80% used [0x00000000d5c00000,0x00000000d5cce900,0x00000000d5d00000)
  to   space 1536K, 0% used [0x00000000d5d80000,0x00000000d5d80000,0x00000000d5f00000)
 ParOldGen       total 630784K, used 630523K [0x0000000080000000, 0x00000000a6800000, 0x00000000d5580000)
  object space 630784K, 99% used [0x0000000080000000,0x00000000a67bec28,0x00000000a6800000)
 Metaspace       used 89505K, committed 91392K, reserved 1179648K
  class space    used 9383K, committed 10240K, reserved 1048576K
}
Event: 321.189 GC heap before
{Heap before GC invocations=598 (full 4):
 PSYoungGen      total 7680K, used 7482K [0x00000000d5580000, 0x00000000d5f00000, 0x0000000100000000)
  eden space 6656K, 100% used [0x00000000d5580000,0x00000000d5c00000,0x00000000d5c00000)
  from space 1024K, 80% used [0x00000000d5c00000,0x00000000d5cce900,0x00000000d5d00000)
  to   space 1536K, 0% used [0x00000000d5d80000,0x00000000d5d80000,0x00000000d5f00000)
 ParOldGen       total 630784K, used 630523K [0x0000000080000000, 0x00000000a6800000, 0x00000000d5580000)
  object space 630784K, 99% used [0x0000000080000000,0x00000000a67bec28,0x00000000a6800000)
 Metaspace       used 89510K, committed 91392K, reserved 1179648K
  class space    used 9383K, committed 10240K, reserved 1048576K
}
Event: 321.190 GC heap after
{Heap after GC invocations=598 (full 4):
 PSYoungGen      total 7680K, used 586K [0x00000000d5580000, 0x00000000d5e80000, 0x0000000100000000)
  eden space 6656K, 0% used [0x00000000d5580000,0x00000000d5580000,0x00000000d5c00000)
  from space 1024K, 57% used [0x00000000d5d80000,0x00000000d5e12910,0x00000000d5e80000)
  to   space 1024K, 0% used [0x00000000d5c00000,0x00000000d5c00000,0x00000000d5d00000)
 ParOldGen       total 631296K, used 630835K [0x0000000080000000, 0x00000000a6880000, 0x00000000d5580000)
  object space 631296K, 99% used [0x0000000080000000,0x00000000a680cc28,0x00000000a6880000)
 Metaspace       used 89510K, committed 91392K, reserved 1179648K
  class space    used 9383K, committed 10240K, reserved 1048576K
}
Event: 368.819 GC heap before
{Heap before GC invocations=599 (full 4):
 PSYoungGen      total 7680K, used 7242K [0x00000000d5580000, 0x00000000d5e80000, 0x0000000100000000)
  eden space 6656K, 99% used [0x00000000d5580000,0x00000000d5bfffe8,0x00000000d5c00000)
  from space 1024K, 57% used [0x00000000d5d80000,0x00000000d5e12910,0x00000000d5e80000)
  to   space 1024K, 0% used [0x00000000d5c00000,0x00000000d5c00000,0x00000000d5d00000)
 ParOldGen       total 631296K, used 630835K [0x0000000080000000, 0x00000000a6880000, 0x00000000d5580000)
  object space 631296K, 99% used [0x0000000080000000,0x00000000a680cc28,0x00000000a6880000)
 Metaspace       used 89781K, committed 91712K, reserved 1179648K
  class space    used 9411K, committed 10240K, reserved 1048576K
}
Event: 368.820 GC heap after
{Heap after GC invocations=599 (full 4):
 PSYoungGen      total 7680K, used 448K [0x00000000d5580000, 0x00000000d5e00000, 0x0000000100000000)
  eden space 6656K, 0% used [0x00000000d5580000,0x00000000d5580000,0x00000000d5c00000)
  from space 1024K, 43% used [0x00000000d5c00000,0x00000000d5c70020,0x00000000d5d00000)
  to   space 1024K, 0% used [0x00000000d5d00000,0x00000000d5d00000,0x00000000d5e00000)
 ParOldGen       total 631296K, used 630875K [0x0000000080000000, 0x00000000a6880000, 0x00000000d5580000)
  object space 631296K, 99% used [0x0000000080000000,0x00000000a6816c28,0x00000000a6880000)
 Metaspace       used 89781K, committed 91712K, reserved 1179648K
  class space    used 9411K, committed 10240K, reserved 1048576K
}

