# JRE version: OpenJDK Runtime Environment Temurin-21.0.10+7 (21.0.10+7) (build 21.0.10+7-LTS)
# Java VM: OpenJDK 64-Bit Server VM Temurin-21.0.10+7 (21.0.10+7-LTS, mixed mode, sharing, tiered, compressed oops, compressed class ptrs, parallel gc, windows-amd64)
GC Precious Log:
 CardTable entry size: 512
 CPUs: 16 total, 16 available
 Memory: 16088M
 Large Page Support: Disabled
 NUMA Support: Disabled
 Compressed Oops: Enabled (32-bit)
 Alignments: Space 512K, Generation 512K, Heap 2M
 Heap Min Capacity: 100M
 Heap Initial Capacity: 100M
 Heap Max Capacity: 2G
 Pre-touch: Disabled
 Parallel Workers: 13
Heap:
 PSYoungGen      total 9216K, used 4865K [0x00000000d5580000, 0x00000000d6300000, 0x0000000100000000)
  eden space 8192K, 47% used [0x00000000d5580000,0x00000000d59445b0,0x00000000d5d80000)
  from space 1024K, 98% used [0x00000000d6000000,0x00000000d60fc030,0x00000000d6100000)
  to   space 2560K, 0% used [0x00000000d5d80000,0x00000000d5d80000,0x00000000d6000000)
 ParOldGen       total 1344000K, used 1343984K [0x0000000080000000, 0x00000000d2080000, 0x00000000d5580000)
  object space 1344000K, 99% used [0x0000000080000000,0x00000000d207c388,0x00000000d2080000)
 Metaspace       used 76740K, committed 78208K, reserved 1179648K
  class space    used 7460K, committed 8128K, reserved 1048576K
GC Heap History (20 events):
Event: 94410.724 GC heap before
{Heap before GC invocations=1409 (full 6):
 PSYoungGen      total 11776K, used 10880K [0x00000000d5580000, 0x00000000d6580000, 0x0000000100000000)
  eden space 7168K, 100% used [0x00000000d5580000,0x00000000d5c80000,0x00000000d5c80000)
  from space 4608K, 80% used [0x00000000d6100000,0x00000000d64a0000,0x00000000d6580000)
  to   space 4608K, 0% used [0x00000000d5c80000,0x00000000d5c80000,0x00000000d6100000)
 ParOldGen       total 1327104K, used 1326666K [0x0000000080000000, 0x00000000d1000000, 0x00000000d5580000)
  object space 1327104K, 99% used [0x0000000080000000,0x00000000d0f92a40,0x00000000d1000000)
 Metaspace       used 75403K, committed 76928K, reserved 1179648K
  class space    used 7343K, committed 8064K, reserved 1048576K
}
Event: 94410.729 GC heap after
{Heap after GC invocations=1409 (full 6):
 PSYoungGen      total 11776K, used 4288K [0x00000000d5580000, 0x00000000d6700000, 0x0000000100000000)
  eden space 7168K, 0% used [0x00000000d5580000,0x00000000d5580000,0x00000000d5c80000)
  from space 4608K, 93% used [0x00000000d5c80000,0x00000000d60b0000,0x00000000d6100000)
  to   space 4608K, 0% used [0x00000000d6280000,0x00000000d6280000,0x00000000d6700000)
 ParOldGen       total 1330688K, used 1330213K [0x0000000080000000, 0x00000000d1380000, 0x00000000d5580000)
  object space 1330688K, 99% used [0x0000000080000000,0x00000000d1309520,0x00000000d1380000)
 Metaspace       used 75403K, committed 76928K, reserved 1179648K
  class space    used 7343K, committed 8064K, reserved 1048576K
}
Event: 94410.798 GC heap before
{Heap before GC invocations=1410 (full 6):
 PSYoungGen      total 11776K, used 11439K [0x00000000d5580000, 0x00000000d6700000, 0x0000000100000000)
  eden space 7168K, 99% used [0x00000000d5580000,0x00000000d5c7bff8,0x00000000d5c80000)
  from space 4608K, 93% used [0x00000000d5c80000,0x00000000d60b0000,0x00000000d6100000)
  to   space 4608K, 0% used [0x00000000d6280000,0x00000000d6280000,0x00000000d6700000)
 ParOldGen       total 1330688K, used 1330213K [0x0000000080000000, 0x00000000d1380000, 0x00000000d5580000)
  object space 1330688K, 99% used [0x0000000080000000,0x00000000d1309520,0x00000000d1380000)
 Metaspace       used 75579K, committed 77056K, reserved 1179648K
  class space    used 7354K, committed 8064K, reserved 1048576K
}
Event: 94410.803 GC heap after
{Heap after GC invocations=1410 (full 6):
 PSYoungGen      total 11776K, used 2656K [0x00000000d5580000, 0x00000000d6580000, 0x0000000100000000)
  eden space 8704K, 0% used [0x00000000d5580000,0x00000000d5580000,0x00000000d5e00000)
  from space 3072K, 86% used [0x00000000d6280000,0x00000000d6518000,0x00000000d6580000)
  to   space 3584K, 0% used [0x00000000d5e80000,0x00000000d5e80000,0x00000000d6200000)
 ParOldGen       total 1334784K, used 1334309K [0x0000000080000000, 0x00000000d1780000, 0x00000000d5580000)
  object space 1334784K, 99% used [0x0000000080000000,0x00000000d1709520,0x00000000d1780000)
 Metaspace       used 75579K, committed 77056K, reserved 1179648K
  class space    used 7354K, committed 8064K, reserved 1048576K
}
Event: 94410.974 GC heap before
{Heap before GC invocations=1411 (full 6):
 PSYoungGen      total 11776K, used 11360K [0x00000000d5580000, 0x00000000d6580000, 0x0000000100000000)
  eden space 8704K, 100% used [0x00000000d5580000,0x00000000d5e00000,0x00000000d5e00000)
  from space 3072K, 86% used [0x00000000d6280000,0x00000000d6518000,0x00000000d6580000)
  to   space 3584K, 0% used [0x00000000d5e80000,0x00000000d5e80000,0x00000000d6200000)
 ParOldGen       total 1334784K, used 1334309K [0x0000000080000000, 0x00000000d1780000, 0x00000000d5580000)
  object space 1334784K, 99% used [0x0000000080000000,0x00000000d1709520,0x00000000d1780000)
 Metaspace       used 76356K, committed 77824K, reserved 1179648K
  class space    used 7417K, committed 8128K, reserved 1048576K
}
Event: 94410.979 GC heap after
{Heap after GC invocations=1411 (full 6):
 PSYoungGen      total 10240K, used 1312K [0x00000000d5580000, 0x00000000d6300000, 0x0000000100000000)
  eden space 8704K, 0% used [0x00000000d5580000,0x00000000d5580000,0x00000000d5e00000)
  from space 1536K, 85% used [0x00000000d5e80000,0x00000000d5fc8398,0x00000000d6000000)
  to   space 2048K, 0% used [0x00000000d6100000,0x00000000d6100000,0x00000000d6300000)
 ParOldGen       total 1336832K, used 1336707K [0x0000000080000000, 0x00000000d1980000, 0x00000000d5580000)
  object space 1336832K, 99% used [0x0000000080000000,0x00000000d1960cb8,0x00000000d1980000)
 Metaspace       used 76356K, committed 77824K, reserved 1179648K
  class space    used 7417K, committed 8128K, reserved 1048576K
}
Event: 94411.048 GC heap before
{Heap before GC invocations=1412 (full 6):
 PSYoungGen      total 10240K, used 10016K [0x00000000d5580000, 0x00000000d6300000, 0x0000000100000000)
  eden space 8704K, 100% used [0x00000000d5580000,0x00000000d5e00000,0x00000000d5e00000)
  from space 1536K, 85% used [0x00000000d5e80000,0x00000000d5fc8398,0x00000000d6000000)
  to   space 2048K, 0% used [0x00000000d6100000,0x00000000d6100000,0x00000000d6300000)
 ParOldGen       total 1336832K, used 1336707K [0x0000000080000000, 0x00000000d1980000, 0x00000000d5580000)
  object space 1336832K, 99% used [0x0000000080000000,0x00000000d1960cb8,0x00000000d1980000)
 Metaspace       used 76380K, committed 77952K, reserved 1179648K
  class space    used 7417K, committed 8128K, reserved 1048576K
}
Event: 94411.050 GC heap after
{Heap after GC invocations=1412 (full 6):
 PSYoungGen      total 9728K, used 965K [0x00000000d5580000, 0x00000000d6200000, 0x0000000100000000)
  eden space 8704K, 0% used [0x00000000d5580000,0x00000000d5580000,0x00000000d5e00000)
  from space 1024K, 94% used [0x00000000d6100000,0x00000000d61f1420,0x00000000d6200000)
  to   space 1536K, 0% used [0x00000000d5f00000,0x00000000d5f00000,0x00000000d6080000)
 ParOldGen       total 1337856K, used 1337855K [0x0000000080000000, 0x00000000d1a80000, 0x00000000d5580000)
  object space 1337856K, 99% used [0x0000000080000000,0x00000000d1a7fd10,0x00000000d1a80000)
 Metaspace       used 76380K, committed 77952K, reserved 1179648K
  class space    used 7417K, committed 8128K, reserved 1048576K
}
Event: 94411.113 GC heap before
{Heap before GC invocations=1413 (full 6):
 PSYoungGen      total 9728K, used 9669K [0x00000000d5580000, 0x00000000d6200000, 0x0000000100000000)
  eden space 8704K, 100% used [0x00000000d5580000,0x00000000d5e00000,0x00000000d5e00000)
  from space 1024K, 94% used [0x00000000d6100000,0x00000000d61f1420,0x00000000d6200000)
  to   space 1536K, 0% used [0x00000000d5f00000,0x00000000d5f00000,0x00000000d6080000)
 ParOldGen       total 1337856K, used 1337855K [0x0000000080000000, 0x00000000d1a80000, 0x00000000d5580000)
  object space 1337856K, 99% used [0x0000000080000000,0x00000000d1a7fd10,0x00000000d1a80000)
 Metaspace       used 76447K, committed 78016K, reserved 1179648K
  class space    used 7422K, committed 8128K, reserved 1048576K
}
Event: 94411.116 GC heap after
{Heap after GC invocations=1413 (full 6):
 PSYoungGen      total 10240K, used 1529K [0x00000000d5580000, 0x00000000d6200000, 0x0000000100000000)
  eden space 8704K, 0% used [0x00000000d5580000,0x00000000d5580000,0x00000000d5e00000)
  from space 1536K, 99% used [0x00000000d5f00000,0x00000000d607e4f0,0x00000000d6080000)
  to   space 1536K, 0% used [0x00000000d6080000,0x00000000d6080000,0x00000000d6200000)
 ParOldGen       total 1338880K, used 1338512K [0x0000000080000000, 0x00000000d1b80000, 0x00000000d5580000)
  object space 1338880K, 99% used [0x0000000080000000,0x00000000d1b241d8,0x00000000d1b80000)
 Metaspace       used 76447K, committed 78016K, reserved 1179648K
  class space    used 7422K, committed 8128K, reserved 1048576K
}
Event: 94411.152 GC heap before
{Heap before GC invocations=1414 (full 6):
 PSYoungGen      total 10240K, used 10233K [0x00000000d5580000, 0x00000000d6200000, 0x0000000100000000)
  eden space 8704K, 100% used [0x00000000d5580000,0x00000000d5e00000,0x00000000d5e00000)
  from space 1536K, 99% used [0x00000000d5f00000,0x00000000d607e4f0,0x00000000d6080000)
  to   space 1536K, 0% used [0x00000000d6080000,0x00000000d6080000,0x00000000d6200000)
 ParOldGen       total 1338880K, used 1338512K [0x0000000080000000, 0x00000000d1b80000, 0x00000000d5580000)
  object space 1338880K, 99% used [0x0000000080000000,0x00000000d1b241d8,0x00000000d1b80000)
 Metaspace       used 76490K, committed 78016K, reserved 1179648K
  class space    used 7424K, committed 8128K, reserved 1048576K
}
Event: 94411.154 GC heap after
{Heap after GC invocations=1414 (full 6):
 PSYoungGen      total 9728K, used 656K [0x00000000d5580000, 0x00000000d6180000, 0x0000000100000000)
  eden space 8704K, 0% used [0x00000000d5580000,0x00000000d5580000,0x00000000d5e00000)
  from space 1024K, 64% used [0x00000000d6080000,0x00000000d6124010,0x00000000d6180000)
  to   space 1024K, 0% used [0x00000000d5f80000,0x00000000d5f80000,0x00000000d6080000)
 ParOldGen       total 1339904K, used 1339828K [0x0000000080000000, 0x00000000d1c80000, 0x00000000d5580000)
  object space 1339904K, 99% used [0x0000000080000000,0x00000000d1c6d0b8,0x00000000d1c80000)
 Metaspace       used 76490K, committed 78016K, reserved 1179648K
  class space    used 7424K, committed 8128K, reserved 1048576K
}
Event: 94411.182 GC heap before
{Heap before GC invocations=1415 (full 6):
 PSYoungGen      total 9728K, used 9360K [0x00000000d5580000, 0x00000000d6180000, 0x0000000100000000)
  eden space 8704K, 100% used [0x00000000d5580000,0x00000000d5e00000,0x00000000d5e00000)
  from space 1024K, 64% used [0x00000000d6080000,0x00000000d6124010,0x00000000d6180000)
  to   space 1024K, 0% used [0x00000000d5f80000,0x00000000d5f80000,0x00000000d6080000)
 ParOldGen       total 1339904K, used 1339828K [0x0000000080000000, 0x00000000d1c80000, 0x00000000d5580000)
  object space 1339904K, 99% used [0x0000000080000000,0x00000000d1c6d0b8,0x00000000d1c80000)
 Metaspace       used 76501K, committed 78016K, reserved 1179648K
  class space    used 7425K, committed 8128K, reserved 1048576K
}
Event: 94411.183 GC heap after
{Heap after GC invocations=1415 (full 6):
 PSYoungGen      total 9728K, used 1024K [0x00000000d5580000, 0x00000000d6300000, 0x0000000100000000)
  eden space 8704K, 0% used [0x00000000d5580000,0x00000000d5580000,0x00000000d5e00000)
  from space 1024K, 100% used [0x00000000d5f80000,0x00000000d6080000,0x00000000d6080000)
  to   space 2560K, 0% used [0x00000000d6080000,0x00000000d6080000,0x00000000d6300000)
 ParOldGen       total 1340928K, used 1340867K [0x0000000080000000, 0x00000000d1d80000, 0x00000000d5580000)
  object space 1340928K, 99% used [0x0000000080000000,0x00000000d1d70dd8,0x00000000d1d80000)
 Metaspace       used 76501K, committed 78016K, reserved 1179648K
  class space    used 7425K, committed 8128K, reserved 1048576K
}
Event: 94411.196 GC heap before
{Heap before GC invocations=1416 (full 6):
 PSYoungGen      total 9728K, used 9728K [0x00000000d5580000, 0x00000000d6300000, 0x0000000100000000)
  eden space 8704K, 100% used [0x00000000d5580000,0x00000000d5e00000,0x00000000d5e00000)
  from space 1024K, 100% used [0x00000000d5f80000,0x00000000d6080000,0x00000000d6080000)
  to   space 2560K, 0% used [0x00000000d6080000,0x00000000d6080000,0x00000000d6300000)
 ParOldGen       total 1340928K, used 1340867K [0x0000000080000000, 0x00000000d1d80000, 0x00000000d5580000)
  object space 1340928K, 99% used [0x0000000080000000,0x00000000d1d70dd8,0x00000000d1d80000)
 Metaspace       used 76507K, committed 78016K, reserved 1179648K
  class space    used 7425K, committed 8128K, reserved 1048576K
}
Event: 94411.197 GC heap after
{Heap after GC invocations=1416 (full 6):
 PSYoungGen      total 9728K, used 928K [0x00000000d5580000, 0x00000000d6180000, 0x0000000100000000)
  eden space 8704K, 0% used [0x00000000d5580000,0x00000000d5580000,0x00000000d5e00000)
  from space 1024K, 90% used [0x00000000d6080000,0x00000000d6168040,0x00000000d6180000)
  to   space 1536K, 0% used [0x00000000d5e80000,0x00000000d5e80000,0x00000000d6000000)
 ParOldGen       total 1341952K, used 1341921K [0x0000000080000000, 0x00000000d1e80000, 0x00000000d5580000)
  object space 1341952K, 99% used [0x0000000080000000,0x00000000d1e78518,0x00000000d1e80000)
 Metaspace       used 76507K, committed 78016K, reserved 1179648K
  class space    used 7425K, committed 8128K, reserved 1048576K
}
Event: 94530.564 GC heap before
{Heap before GC invocations=1417 (full 6):
 PSYoungGen      total 9728K, used 9632K [0x00000000d5580000, 0x00000000d6180000, 0x0000000100000000)
  eden space 8704K, 100% used [0x00000000d5580000,0x00000000d5e00000,0x00000000d5e00000)
  from space 1024K, 90% used [0x00000000d6080000,0x00000000d6168040,0x00000000d6180000)
  to   space 1536K, 0% used [0x00000000d5e80000,0x00000000d5e80000,0x00000000d6000000)
 ParOldGen       total 1341952K, used 1341921K [0x0000000080000000, 0x00000000d1e80000, 0x00000000d5580000)
  object space 1341952K, 99% used [0x0000000080000000,0x00000000d1e78518,0x00000000d1e80000)
 Metaspace       used 76564K, committed 78080K, reserved 1179648K
  class space    used 7431K, committed 8128K, reserved 1048576K
}
Event: 94530.568 GC heap after
{Heap after GC invocations=1417 (full 6):
 PSYoungGen      total 10240K, used 1344K [0x00000000d5580000, 0x00000000d6100000, 0x0000000100000000)
  eden space 8704K, 0% used [0x00000000d5580000,0x00000000d5580000,0x00000000d5e00000)
  from space 1536K, 87% used [0x00000000d5e80000,0x00000000d5fd0000,0x00000000d6000000)
  to   space 1024K, 0% used [0x00000000d6000000,0x00000000d6000000,0x00000000d6100000)
 ParOldGen       total 1342976K, used 1342689K [0x0000000080000000, 0x00000000d1f80000, 0x00000000d5580000)
  object space 1342976K, 99% used [0x0000000080000000,0x00000000d1f38578,0x00000000d1f80000)
 Metaspace       used 76564K, committed 78080K, reserved 1179648K
  class space    used 7431K, committed 8128K, reserved 1048576K
}
Event: 99208.059 GC heap before
{Heap before GC invocations=1418 (full 6):
 PSYoungGen      total 10240K, used 10041K [0x00000000d5580000, 0x00000000d6100000, 0x0000000100000000)
  eden space 8704K, 99% used [0x00000000d5580000,0x00000000d5dfe5d0,0x00000000d5e00000)
  from space 1536K, 87% used [0x00000000d5e80000,0x00000000d5fd0000,0x00000000d6000000)
  to   space 1024K, 0% used [0x00000000d6000000,0x00000000d6000000,0x00000000d6100000)
 ParOldGen       total 1342976K, used 1342689K [0x0000000080000000, 0x00000000d1f80000, 0x00000000d5580000)
  object space 1342976K, 99% used [0x0000000080000000,0x00000000d1f38578,0x00000000d1f80000)
 Metaspace       used 76739K, committed 78208K, reserved 1179648K
  class space    used 7460K, committed 8128K, reserved 1048576K
}
Event: 99208.116 GC heap after
{Heap after GC invocations=1418 (full 6):
 PSYoungGen      total 9216K, used 1008K [0x00000000d5580000, 0x00000000d6300000, 0x0000000100000000)
  eden space 8192K, 0% used [0x00000000d5580000,0x00000000d5580000,0x00000000d5d80000)
  from space 1024K, 98% used [0x00000000d6000000,0x00000000d60fc030,0x00000000d6100000)
  to   space 2560K, 0% used [0x00000000d5d80000,0x00000000d5d80000,0x00000000d6000000)
 ParOldGen       total 1344000K, used 1343984K [0x0000000080000000, 0x00000000d2080000, 0x00000000d5580000)
  object space 1344000K, 99% used [0x0000000080000000,0x00000000d207c388,0x00000000d2080000)
 Metaspace       used 76739K, committed 78208K, reserved 1179648K
  class space    used 7460K, committed 8128K, reserved 1048576K
}

